<?xml version="1.0" encoding="UTF-8"?>
<!-- Generated by org.testng.reporters.JUnitReportReporter -->
<testsuite skipped="0" hostname="CBT-PC048" name="com.qa.tests.LoginTest" tests="1" failures="0" timestamp="05 Aug 2019 09:50:14 GMT" time="0.010" errors="0">
  <testcase name="test" time="0.010" classname="com.qa.tests.LoginTest"/>
</testsuite> <!-- com.qa.tests.LoginTest -->
